# JRE version: OpenJDK Runtime Environment (8.0_152-b01) (build 1.8.0_152-release-1024-b01)
# Java VM: OpenJDK 64-Bit Server VM (25.152-b01 mixed mode linux-amd64 compressed oops)
Heap:
 PSYoungGen      total 431104K, used 112831K [0x00000000e0000000, 0x00000000ffa80000, 0x0000000100000000)
  eden space 345088K, 23% used [0x00000000e0000000,0x00000000e50d3510,0x00000000f5100000)
  from space 86016K, 34% used [0x00000000f5100000,0x00000000f6e5c830,0x00000000fa500000)
  to   space 80384K, 0% used [0x00000000fac00000,0x00000000fac00000,0x00000000ffa80000)
 ParOldGen       total 237568K, used 87691K [0x00000000a0000000, 0x00000000ae800000, 0x00000000e0000000)
  object space 237568K, 36% used [0x00000000a0000000,0x00000000a55a2ff0,0x00000000ae800000)
 Metaspace       used 85775K, capacity 89644K, committed 89816K, reserved 1128448K
  class space    used 10906K, capacity 11685K, committed 11776K, reserved 1048576K
GC Heap History (10 events):
Event: 215,438 GC heap before
{Heap before GC invocations=26 (full 5):
 PSYoungGen      total 400896K, used 322719K [0x00000000e0000000, 0x0000000100000000, 0x0000000100000000)
  eden space 323584K, 99% used [0x00000000e0000000,0x00000000f3b27c90,0x00000000f3c00000)
  from space 77312K, 0% used [0x00000000fb480000,0x00000000fb480000,0x0000000100000000)
  to   space 100352K, 0% used [0x00000000f3c00000,0x00000000f3c00000,0x00000000f9e00000)
 ParOldGen       total 237568K, used 60082K [0x00000000a0000000, 0x00000000ae800000, 0x00000000e0000000)
  object space 237568K, 25% used [0x00000000a0000000,0x00000000a3aac9b0,0x00000000ae800000)
 Metaspace       used 72880K, capacity 76040K, committed 76376K, reserved 1116160K
  class space    used 9610K, capacity 10275K, committed 10368K, reserved 1048576K
Event: 215,444 GC heap after
Heap after GC invocations=26 (full 5):
 PSYoungGen      total 423936K, used 27666K [0x00000000e0000000, 0x0000000100000000, 0x0000000100000000)
  eden space 323584K, 0% used [0x00000000e0000000,0x00000000e0000000,0x00000000f3c00000)
  from space 100352K, 27% used [0x00000000f3c00000,0x00000000f5704af8,0x00000000f9e00000)
  to   space 94208K, 0% used [0x00000000fa400000,0x00000000fa400000,0x0000000100000000)
 ParOldGen       total 237568K, used 60090K [0x00000000a0000000, 0x00000000ae800000, 0x00000000e0000000)
  object space 237568K, 25% used [0x00000000a0000000,0x00000000a3aae9b0,0x00000000ae800000)
 Metaspace       used 72880K, capacity 76040K, committed 76376K, reserved 1116160K
  class space    used 9610K, capacity 10275K, committed 10368K, reserved 1048576K
}
Event: 386,386 GC heap before
{Heap before GC invocations=27 (full 5):
 PSYoungGen      total 423936K, used 351250K [0x00000000e0000000, 0x0000000100000000, 0x0000000100000000)
  eden space 323584K, 100% used [0x00000000e0000000,0x00000000f3c00000,0x00000000f3c00000)
  from space 100352K, 27% used [0x00000000f3c00000,0x00000000f5704af8,0x00000000f9e00000)
  to   space 94208K, 0% used [0x00000000fa400000,0x00000000fa400000,0x0000000100000000)
 ParOldGen       total 237568K, used 60090K [0x00000000a0000000, 0x00000000ae800000, 0x00000000e0000000)
  object space 237568K, 25% used [0x00000000a0000000,0x00000000a3aae9b0,0x00000000ae800000)
 Metaspace       used 73383K, capacity 76738K, committed 76888K, reserved 1116160K
  class space    used 9650K, capacity 10356K, committed 10368K, reserved 1048576K
Event: 386,416 GC heap after
Heap after GC invocations=27 (full 5):
 PSYoungGen      total 412672K, used 7413K [0x00000000e0000000, 0x00000000ff500000, 0x0000000100000000)
  eden space 329728K, 0% used [0x00000000e0000000,0x00000000e0000000,0x00000000f4200000)
  from space 82944K, 8% used [0x00000000fa400000,0x00000000fab3d428,0x00000000ff500000)
  to   space 91648K, 0% used [0x00000000f4200000,0x00000000f4200000,0x00000000f9b80000)
 ParOldGen       total 237568K, used 74321K [0x00000000a0000000, 0x00000000ae800000, 0x00000000e0000000)
  object space 237568K, 31% used [0x00000000a0000000,0x00000000a4894608,0x00000000ae800000)
 Metaspace       used 73383K, capacity 76738K, committed 76888K, reserved 1116160K
  class space    used 9650K, capacity 10356K, committed 10368K, reserved 1048576K
}
Event: 607,420 GC heap before
{Heap before GC invocations=28 (full 5):
 PSYoungGen      total 412672K, used 337141K [0x00000000e0000000, 0x00000000ff500000, 0x0000000100000000)
  eden space 329728K, 100% used [0x00000000e0000000,0x00000000f4200000,0x00000000f4200000)
  from space 82944K, 8% used [0x00000000fa400000,0x00000000fab3d428,0x00000000ff500000)
  to   space 91648K, 0% used [0x00000000f4200000,0x00000000f4200000,0x00000000f9b80000)
 ParOldGen       total 237568K, used 74321K [0x00000000a0000000, 0x00000000ae800000, 0x00000000e0000000)
  object space 237568K, 31% used [0x00000000a0000000,0x00000000a4894608,0x00000000ae800000)
 Metaspace       used 75069K, capacity 78542K, committed 78808K, reserved 1118208K
  class space    used 9781K, capacity 10492K, committed 10496K, reserved 1048576K
Event: 607,446 GC heap after
Heap after GC invocations=28 (full 5):
 PSYoungGen      total 421376K, used 33992K [0x00000000e0000000, 0x0000000100000000, 0x0000000100000000)
  eden space 329728K, 0% used [0x00000000e0000000,0x00000000e0000000,0x00000000f4200000)
  from space 91648K, 37% used [0x00000000f4200000,0x00000000f63322a8,0x00000000f9b80000)
  to   space 87552K, 0% used [0x00000000faa80000,0x00000000faa80000,0x0000000100000000)
 ParOldGen       total 237568K, used 74815K [0x00000000a0000000, 0x00000000ae800000, 0x00000000e0000000)
  object space 237568K, 31% used [0x00000000a0000000,0x00000000a490ffd0,0x00000000ae800000)
 Metaspace       used 75069K, capacity 78542K, committed 78808K, reserved 1118208K
  class space    used 9781K, capacity 10492K, committed 10496K, reserved 1048576K
}
Event: 612,587 GC heap before
{Heap before GC invocations=29 (full 5):
 PSYoungGen      total 421376K, used 363720K [0x00000000e0000000, 0x0000000100000000, 0x0000000100000000)
  eden space 329728K, 100% used [0x00000000e0000000,0x00000000f4200000,0x00000000f4200000)
  from space 91648K, 37% used [0x00000000f4200000,0x00000000f63322a8,0x00000000f9b80000)
  to   space 87552K, 0% used [0x00000000faa80000,0x00000000faa80000,0x0000000100000000)
 ParOldGen       total 237568K, used 74815K [0x00000000a0000000, 0x00000000ae800000, 0x00000000e0000000)
  object space 237568K, 31% used [0x00000000a0000000,0x00000000a490ffd0,0x00000000ae800000)
 Metaspace       used 81460K, capacity 84996K, committed 85208K, reserved 1124352K
  class space    used 10439K, capacity 11143K, committed 11264K, reserved 1048576K
Event: 612,747 GC heap after
Heap after GC invocations=29 (full 5):
 PSYoungGen      total 425472K, used 40897K [0x00000000e0000000, 0x00000000ff900000, 0x0000000100000000)
  eden space 345088K, 0% used [0x00000000e0000000,0x00000000e0000000,0x00000000f5100000)
  from space 80384K, 50% used [0x00000000faa80000,0x00000000fd270648,0x00000000ff900000)
  to   space 86016K, 0% used [0x00000000f5100000,0x00000000f5100000,0x00000000fa500000)
 ParOldGen       total 237568K, used 81102K [0x00000000a0000000, 0x00000000ae800000, 0x00000000e0000000)
  object space 237568K, 34% used [0x00000000a0000000,0x00000000a4f33b20,0x00000000ae800000)
 Metaspace       used 81460K, capacity 84996K, committed 85208K, reserved 1124352K
  class space    used 10439K, capacity 11143K, committed 11264K, reserved 1048576K
}
Event: 626,818 GC heap before
{Heap before GC invocations=30 (full 5):
 PSYoungGen      total 425472K, used 385985K [0x00000000e0000000, 0x00000000ff900000, 0x0000000100000000)
  eden space 345088K, 100% used [0x00000000e0000000,0x00000000f5100000,0x00000000f5100000)
  from space 80384K, 50% used [0x00000000faa80000,0x00000000fd270648,0x00000000ff900000)
  to   space 86016K, 0% used [0x00000000f5100000,0x00000000f5100000,0x00000000fa500000)
 ParOldGen       total 237568K, used 81102K [0x00000000a0000000, 0x00000000ae800000, 0x00000000e0000000)
  object space 237568K, 34% used [0x00000000a0000000,0x00000000a4f33b20,0x00000000ae800000)
 Metaspace       used 85318K, capacity 89138K, committed 89304K, reserved 1126400K
  class space    used 10869K, capacity 11650K, committed 11776K, reserved 1048576K
Event: 626,908 GC heap after
Heap after GC invocations=30 (full 5):
 PSYoungGen      total 431104K, used 30066K [0x00000000e0000000, 0x00000000ffa80000, 0x0000000100000000)
  eden space 345088K, 0% used [0x00000000e0000000,0x00000000e0000000,0x00000000f5100000)
  from space 86016K, 34% used [0x00000000f5100000,0x00000000f6e5c830,0x00000000fa500000)
  to   space 80384K, 0% used [0x00000000fac00000,0x00000000fac00000,0x00000000ffa80000)
 ParOldGen       total 237568K, used 87691K [0x00000000a0000000, 0x00000000ae800000, 0x00000000e0000000)
  object space 237568K, 36% used [0x00000000a0000000,0x00000000a55a2ff0,0x00000000ae800000)
 Metaspace       used 85318K, capacity 89138K, committed 89304K, reserved 1126400K
  class space    used 10869K, capacity 11650K, committed 11776K, reserved 1048576K
}

